<?xml version="1.0" encoding="UTF-8"?>
<!-- Generated by org.testng.reporters.JUnitXMLReporter -->
<testsuite ignored="6" hostname="DESKTOP-5I3A6EV" failures="0" tests="1" name="RestAccurance" time="4.307" errors="0" timestamp="2023-02-07T17:16:26 EET">
  <testcase classname="TestCase.RestTestITI" name="GetAllUsersAfterdeleteuser" time="4.21"/>
  <testcase classname="TestCase.RestTestITI" name="GetAllUsersAfterAddNEwUser" time="0.0">
    <ignored/>
  </testcase> <!-- GetAllUsersAfterAddNEwUser -->
  <testcase classname="TestCase.RestTestITI" name="deleteuser" time="0.0">
    <ignored/>
  </testcase> <!-- deleteuser -->
  <testcase classname="TestCase.RestTestITI" name="GetAllUsersAfterUpdtate" time="0.0">
    <ignored/>
  </testcase> <!-- GetAllUsersAfterUpdtate -->
  <testcase classname="TestCase.RestTestITI" name="PostNewUser" time="0.0">
    <ignored/>
  </testcase> <!-- PostNewUser -->
  <testcase classname="TestCase.RestTestITI" name="updateuser" time="0.0">
    <ignored/>
  </testcase> <!-- updateuser -->
  <testcase classname="TestCase.RestTestITI" name="GetAllUsers" time="0.0">
    <ignored/>
  </testcase> <!-- GetAllUsers -->
</testsuite> <!-- RestAccurance -->
